Looking for git in: git
Using git 2.7.4 from git
> git rev-parse --show-toplevel
> git config --get commit.template
Open repository: /opt/lampp/htdocs/prueba_upa
> git status -z -u
> git symbolic-ref --short HEAD
> git rev-parse v2
> git rev-parse --symbolic-full-name v2@{u}
> git rev-list --left-right v2...refs/remotes/origin/v2
> git for-each-ref --format %(refname) %(objectname) --sort -committerdate
> git remote --verbose
> git check-ignore -z --stdin
> git check-ignore -z --stdin
> git check-ignore -z --stdin
> git status -z -u
> git symbolic-ref --short HEAD
> git rev-parse v2
> git rev-parse --symbolic-full-name v2@{u}
> git rev-list --left-right v2...refs/remotes/origin/v2
> git for-each-ref --format %(refname) %(objectname) --sort -committerdate
> git remote --verbose
> git status -z -u
> git symbolic-ref --short HEAD
> git rev-parse v2
> git rev-parse --symbolic-full-name v2@{u}
> git rev-list --left-right v2...refs/remotes/origin/v2
> git for-each-ref --format %(refname) %(objectname) --sort -committerdate
> git remote --verbose
> git status -z -u
> git symbolic-ref --short HEAD
> git rev-parse v2
> git rev-parse --symbolic-full-name v2@{u}
> git rev-list --left-right v2...refs/remotes/origin/v2
> git for-each-ref --format %(refname) %(objectname) --sort -committerdate
> git remote --verbose
> git check-ignore -z --stdin
> git status -z -u
> git symbolic-ref --short HEAD
> git rev-parse v2
> git rev-parse --symbolic-full-name v2@{u}
> git rev-list --left-right v2...refs/remotes/origin/v2
> git for-each-ref --format %(refname) %(objectname) --sort -committerdate
> git remote --verbose
> git status -z -u
> git symbolic-ref --short HEAD
> git rev-parse v2
> git rev-parse --symbolic-full-name v2@{u}
> git rev-list --left-right v2...refs/remotes/origin/v2
> git for-each-ref --format %(refname) %(objectname) --sort -committerdate
> git remote --verbose
> git status -z -u
> git symbolic-ref --short HEAD
> git rev-parse v2
> git rev-parse --symbolic-full-name v2@{u}
> git rev-list --left-right v2...refs/remotes/origin/v2
> git for-each-ref --format %(refname) %(objectname) --sort -committerdate
> git remote --verbose
> git status -z -u
> git symbolic-ref --short HEAD
> git rev-parse v2
> git rev-parse --symbolic-full-name v2@{u}
> git rev-list --left-right v2...refs/remotes/origin/v2
> git for-each-ref --format %(refname) %(objectname) --sort -committerdate
> git remote --verbose
> git status -z -u
> git symbolic-ref --short HEAD
> git rev-parse v2
> git rev-parse --symbolic-full-name v2@{u}
> git rev-list --left-right v2...refs/remotes/origin/v2
> git for-each-ref --format %(refname) %(objectname) --sort -committerdate
> git remote --verbose
> git status -z -u
> git symbolic-ref --short HEAD
> git rev-parse v2
> git rev-parse --symbolic-full-name v2@{u}
> git rev-list --left-right v2...refs/remotes/origin/v2
> git for-each-ref --format %(refname) %(objectname) --sort -committerdate
> git remote --verbose
> git status -z -u
> git symbolic-ref --short HEAD
> git rev-parse v2
> git rev-parse --symbolic-full-name v2@{u}
> git rev-list --left-right v2...refs/remotes/origin/v2
> git for-each-ref --format %(refname) %(objectname) --sort -committerdate
> git remote --verbose
